<?xml version="1.0" encoding="UTF-8"?>
<!-- Generated by org.testng.reporters.JUnitReportReporter -->
<testsuite hostname="LAPTOP-159IKIK4" failures="0" tests="1" name="TestNg.Sample1" time="0.002" errors="0" timestamp="2023-09-02T11:50:34 IST" skipped="0">
  <testcase classname="TestNg.Sample1" name="demo2" time="0.002"/>
  <system-out/>
</testsuite> <!-- TestNg.Sample1 -->
