<?xml version="1.0" encoding="UTF-8"?>
<!-- Generated by org.testng.reporters.JUnitReportReporter -->
<testsuite hostname="LAPTOP-159IKIK4" failures="0" tests="1" name="TestNg.Sample2" time="0.010" errors="0" timestamp="2023-09-02T11:50:34 IST" skipped="0">
  <testcase classname="TestNg.Sample2" name="demo3" time="0.010"/>
  <system-out/>
</testsuite> <!-- TestNg.Sample2 -->
